[   87337ms] Error: incomplete input
    at Database.prepare (C:\Users\luthf\SIMPATIK\node_modules\better-sqlite3\lib\methods\wrappers.js:5:21)
    at listPegawai (webpack-internal:///(rsc)/./src/lib/queries.ts:887:28)
    at PegawaiBelumLaporPage (webpack-internal:///(rsc)/./src/app/(dashboard)/pegawai-belum-lapor/page.tsx:54:77)
    at process.processTicksAndRejections (node:internal/process/task_queues:105:5)
[   87340ms] Error: incomplete input
    at Database.prepare (C:\Users\luthf\SIMPATIK\node_modules\better-sqlite3\lib\methods\wrappers.js:5:21)
    at listPegawai (webpack-internal:///(rsc)/./src/lib/queries.ts:887:28)
    at PegawaiBelumLaporPage (webpack-internal:///(rsc)/./src/app/(dashboard)/pegawai-belum-lapor/page.tsx:54:77)
    at process.processTicksAndRejections (node:internal/process/task_queues:105:5)
[   87341ms] Error: incomplete input
    at Database.prepare (C:\Users\luthf\SIMPATIK\node_modules\better-sqlite3\lib\methods\wrappers.js:5:21)
    at listPegawai (webpack-internal:///(rsc)/./src/lib/queries.ts:887:28)
    at PegawaiBelumLaporPage (webpack-internal:///(rsc)/./src/app/(dashboard)/pegawai-belum-lapor/page.tsx:54:77)
    at process.processTicksAndRejections (node:internal/process/task_queues:105:5)
[   87343ms] Error: incomplete input
    at Database.prepare (C:\Users\luthf\SIMPATIK\node_modules\better-sqlite3\lib\methods\wrappers.js:5:21)
    at listPegawai (webpack-internal:///(rsc)/./src/lib/queries.ts:887:28)
    at PegawaiBelumLaporPage (webpack-internal:///(rsc)/./src/app/(dashboard)/pegawai-belum-lapor/page.tsx:54:77)
    at process.processTicksAndRejections (node:internal/process/task_queues:105:5)
[   87343ms] Error: incomplete input
    at Database.prepare (C:\Users\luthf\SIMPATIK\node_modules\better-sqlite3\lib\methods\wrappers.js:5:21)
    at listPegawai (webpack-internal:///(rsc)/./src/lib/queries.ts:887:28)
    at PegawaiBelumLaporPage (webpack-internal:///(rsc)/./src/app/(dashboard)/pegawai-belum-lapor/page.tsx:54:77)
    at process.processTicksAndRejections (node:internal/process/task_queues:105:5)
[   87344ms] Error: incomplete input
    at Database.prepare (C:\Users\luthf\SIMPATIK\node_modules\better-sqlite3\lib\methods\wrappers.js:5:21)
    at listPegawai (webpack-internal:///(rsc)/./src/lib/queries.ts:887:28)
    at PegawaiBelumLaporPage (webpack-internal:///(rsc)/./src/app/(dashboard)/pegawai-belum-lapor/page.tsx:54:77)
    at process.processTicksAndRejections (node:internal/process/task_queues:105:5)
[   87345ms] Error: incomplete input
    at Database.prepare (C:\Users\luthf\SIMPATIK\node_modules\better-sqlite3\lib\methods\wrappers.js:5:21)
    at listPegawai (webpack-internal:///(rsc)/./src/lib/queries.ts:887:28)
    at PegawaiBelumLaporPage (webpack-internal:///(rsc)/./src/app/(dashboard)/pegawai-belum-lapor/page.tsx:54:77)
    at process.processTicksAndRejections (node:internal/process/task_queues:105:5)
[   87346ms] Error: incomplete input
    at Database.prepare (C:\Users\luthf\SIMPATIK\node_modules\better-sqlite3\lib\methods\wrappers.js:5:21)
    at listPegawai (webpack-internal:///(rsc)/./src/lib/queries.ts:887:28)
    at PegawaiBelumLaporPage (webpack-internal:///(rsc)/./src/app/(dashboard)/pegawai-belum-lapor/page.tsx:54:77)
    at process.processTicksAndRejections (node:internal/process/task_queues:105:5)
[   87349ms] [ERROR] The above error occurred in the <NotFoundErrorBoundary> component:

    at InnerLayoutRouter (webpack-internal:///(app-pages-browser)/./node_modules/next/dist/client/components/layout-router.js:243:11)
    at RedirectErrorBoundary (webpack-internal:///(app-pages-browser)/./node_modules/next/dist/client/components/redirect-boundary.js:74:9)
    at RedirectBoundary (webpack-internal:///(app-pages-browser)/./node_modules/next/dist/client/components/redirect-boundary.js:82:11)
    at NotFoundBoundary (webpack-internal:///(app-pages-browser)/./node_modules/next/dist/client/components/not-found-boundary.js:84:11)
    at LoadingBoundary (webpack-internal:///(app-pages-browser)/./node_modules/next/dist/client/components/layout-router.js:349:11)
    at ErrorBoundary (webpack-internal:///(app-pages-browser)/./node_modules/next/dist/client/components/error-boundary.js:160:11)
    at InnerScrollAndFocusHandler (webpack-internal:///(app-pages-browser)/./node_modules/next/dist/client/components/layout-router.js:153:9)
    at ScrollAndFocusHandler (webpack-internal:///(app-pages-browser)/./node_modules/next/dist/client/components/layout-router.js:228:11)
    at RenderFromTemplateContext (webpack-internal:///(app-pages-browser)/./node_modules/next/dist/client/components/render-from-template-context.js:16:44)
    at OuterLayoutRouter (webpack-internal:///(app-pages-browser)/./node_modules/next/dist/client/components/layout-router.js:370:11)
    at InnerLayoutRouter (webpack-internal:///(app-pages-browser)/./node_modules/next/dist/client/components/layout-router.js:243:11)
    at RedirectErrorBoundary (webpack-internal:///(app-pages-browser)/./node_modules/next/dist/client/components/redirect-boundary.js:74:9)
    at RedirectBoundary (webpack-internal:///(app-pages-browser)/./node_modules/next/dist/client/components/redirect-boundary.js:82:11)
    at NotFoundErrorBoundary (webpack-internal:///(app-pages-browser)/./node_modules/next/dist/client/components/not-found-boundary.js:76:9)
    at NotFoundBoundary (webpack-internal:///(app-pages-browser)/./node_modules/next/dist/client/components/not-found-boundary.js:84:11)
    at Suspense
    at LoadingBoundary (webpack-internal:///(app-pages-browser)/./node_modules/next/dist/client/components/layout-router.js:349:11)
    at ErrorBoundaryHandler (webpack-internal:///(app-pages-browser)/./node_modules/next/dist/client/components/error-boundary.js:113:9)
    at ErrorBoundary (webpack-internal:///(app-pages-browser)/./node_modules/next/dist/client/components/error-boundary.js:160:11)
    at InnerScrollAndFocusHandler (webpack-internal:///(app-pages-browser)/./node_modules/next/dist/client/components/layout-router.js:153:9)
    at ScrollAndFocusHandler (webpack-internal:///(app-pages-browser)/./node_modules/next/dist/client/components/layout-router.js:228:11)
    at RenderFromTemplateContext (webpack-internal:///(app-pages-browser)/./node_modules/next/dist/client/components/render-from-template-context.js:16:44)
    at OuterLayoutRouter (webpack-internal:///(app-pages-browser)/./node_modules/next/dist/client/components/layout-router.js:370:11)
    at main
    at div
    at Shell (webpack-internal:///(app-pages-browser)/./src/components/layout/Shell.tsx:198:11)
    at DashboardLayout (Server)
    at InnerLayoutRouter (webpack-internal:///(app-pages-browser)/./node_modules/next/dist/client/components/layout-router.js:243:11)
    at RedirectErrorBoundary (webpack-internal:///(app-pages-browser)/./node_modules/next/dist/client/components/redirect-boundary.js:74:9)
    at RedirectBoundary (webpack-internal:///(app-pages-browser)/./node_modules/next/dist/client/components/redirect-boundary.js:82:11)
    at NotFoundErrorBoundary (webpack-internal:///(app-pages-browser)/./node_modules/next/dist/client/components/not-found-boundary.js:76:9)
    at NotFoundBoundary (webpack-internal:///(app-pages-browser)/./node_modules/next/dist/client/components/not-found-boundary.js:84:11)
    at LoadingBoundary (webpack-internal:///(app-pages-browser)/./node_modules/next/dist/client/components/layout-router.js:349:11)
    at ErrorBoundary (webpack-internal:///(app-pages-browser)/./node_modules/next/dist/client/components/error-boundary.js:160:11)
    at InnerScrollAndFocusHandler (webpack-internal:///(app-pages-browser)/./node_modules/next/dist/client/components/layout-router.js:153:9)
    at ScrollAndFocusHandler (webpack-internal:///(app-pages-browser)/./node_modules/next/dist/client/components/layout-router.js:228:11)
    at RenderFromTemplateContext (webpack-internal:///(app-pages-browser)/./node_modules/next/dist/client/components/render-from-template-context.js:16:44)
    at OuterLayoutRouter (webpack-internal:///(app-pages-browser)/./node_modules/next/dist/client/components/layout-router.js:370:11)
    at body
    at html
    at RootLayout (Server)
    at RedirectErrorBoundary (webpack-internal:///(app-pages-browser)/./node_modules/next/dist/client/components/redirect-boundary.js:74:9)
    at RedirectBoundary (webpack-internal:///(app-pages-browser)/./node_modules/next/dist/client/components/redirect-boundary.js:82:11)
    at NotFoundErrorBoundary (webpack-internal:///(app-pages-browser)/./node_modules/next/dist/client/components/not-found-boundary.js:76:9)
    at NotFoundBoundary (webpack-internal:///(app-pages-browser)/./node_modules/next/dist/client/components/not-found-boundary.js:84:11)
    at DevRootNotFoundBoundary (webpack-internal:///(app-pages-browser)/./node_modules/next/dist/client/components/dev-root-not-found-boundary.js:33:11)
    at ReactDevOverlay (webpack-internal:///(app-pages-browser)/./node_modules/next/dist/client/components/react-dev-overlay/app/ReactDevOverlay.js:87:9)
    at HotReload (webpack-internal:///(app-pages-browser)/./node_modules/next/dist/client/components/react-dev-overlay/app/hot-reloader-client.js:321:11)
    at Router (webpack-internal:///(app-pages-browser)/./node_modules/next/dist/client/components/app-router.js:207:11)
    at ErrorBoundaryHandler (webpack-internal:///(app-pages-browser)/./node_modules/next/dist/client/components/error-boundary.js:113:9)
    at ErrorBoundary (webpack-internal:///(app-pages-browser)/./node_modules/next/dist/client/components/error-boundary.js:160:11)
    at AppRouter (webpack-internal:///(app-pages-browser)/./node_modules/next/dist/client/components/app-router.js:585:13)
    at ServerRoot (webpack-internal:///(app-pages-browser)/./node_modules/next/dist/client/app-index.js:112:27)
    at Root (webpack-internal:///(app-pages-browser)/./node_modules/next/dist/client/app-index.js:117:11)

React will try to recreate this component tree from scratch using the error boundary you provided, ErrorBoundaryHandler. @ webpack-internal:///(app-pages-browser)/./node_modules/next/dist/client/app-index.js:32
[   87364ms] [ERROR] Failed to load resource: the server responded with a status of 400 (Bad Request) @ http://localhost:3000/__nextjs_original-stack-frame?isServer=false&isEdgeServer=false&isAppDirectory=true&errorMessage=Error%3A+incomplete+input&file=C%3A%5CUsers%5Cluthf%5CSIMPATIK%5Cnode_modules%5Cbetter-sqlite3%5Clib%5Cmethods%5Cwrappers.js&methodName=Database.prepare&arguments=&lineNumber=5&column=21:0
[   87367ms] [ERROR] Failed to load resource: the server responded with a status of 400 (Bad Request) @ http://localhost:3000/__nextjs_original-stack-frame?isServer=false&isEdgeServer=false&isAppDirectory=true&errorMessage=Error%3A+incomplete+input&file=C%3A%5CUsers%5Cluthf%5CSIMPATIK%5Cnode_modules%5Cbetter-sqlite3%5Clib%5Cmethods%5Cwrappers.js&methodName=Database.prepare&arguments=&lineNumber=5&column=21:0
[   87369ms] [ERROR] Failed to load resource: the server responded with a status of 400 (Bad Request) @ http://localhost:3000/__nextjs_original-stack-frame?isServer=false&isEdgeServer=false&isAppDirectory=true&errorMessage=Error%3A+incomplete+input&file=C%3A%5CUsers%5Cluthf%5CSIMPATIK%5Cnode_modules%5Cbetter-sqlite3%5Clib%5Cmethods%5Cwrappers.js&methodName=Database.prepare&arguments=&lineNumber=5&column=21:0
[   89139ms] Error: incomplete input
    at Database.prepare (C:\Users\luthf\SIMPATIK\node_modules\better-sqlite3\lib\methods\wrappers.js:5:21)
    at listPegawai (webpack-internal:///(rsc)/./src/lib/queries.ts:887:28)
    at PegawaiBelumLaporPage (webpack-internal:///(rsc)/./src/app/(dashboard)/pegawai-belum-lapor/page.tsx:54:77)
    at process.processTicksAndRejections (node:internal/process/task_queues:105:5)
[   89139ms] Error: incomplete input
    at Database.prepare (C:\Users\luthf\SIMPATIK\node_modules\better-sqlite3\lib\methods\wrappers.js:5:21)
    at listPegawai (webpack-internal:///(rsc)/./src/lib/queries.ts:887:28)
    at PegawaiBelumLaporPage (webpack-internal:///(rsc)/./src/app/(dashboard)/pegawai-belum-lapor/page.tsx:54:77)
    at process.processTicksAndRejections (node:internal/process/task_queues:105:5)
[   89140ms] Error: incomplete input
    at Database.prepare (C:\Users\luthf\SIMPATIK\node_modules\better-sqlite3\lib\methods\wrappers.js:5:21)
    at listPegawai (webpack-internal:///(rsc)/./src/lib/queries.ts:887:28)
    at PegawaiBelumLaporPage (webpack-internal:///(rsc)/./src/app/(dashboard)/pegawai-belum-lapor/page.tsx:54:77)
    at process.processTicksAndRejections (node:internal/process/task_queues:105:5)
[   89141ms] Error: incomplete input
    at Database.prepare (C:\Users\luthf\SIMPATIK\node_modules\better-sqlite3\lib\methods\wrappers.js:5:21)
    at listPegawai (webpack-internal:///(rsc)/./src/lib/queries.ts:887:28)
    at PegawaiBelumLaporPage (webpack-internal:///(rsc)/./src/app/(dashboard)/pegawai-belum-lapor/page.tsx:54:77)
    at process.processTicksAndRejections (node:internal/process/task_queues:105:5)
[   89141ms] Error: incomplete input
    at Database.prepare (C:\Users\luthf\SIMPATIK\node_modules\better-sqlite3\lib\methods\wrappers.js:5:21)
    at listPegawai (webpack-internal:///(rsc)/./src/lib/queries.ts:887:28)
    at PegawaiBelumLaporPage (webpack-internal:///(rsc)/./src/app/(dashboard)/pegawai-belum-lapor/page.tsx:54:77)
    at process.processTicksAndRejections (node:internal/process/task_queues:105:5)
[   89142ms] Error: incomplete input
    at Database.prepare (C:\Users\luthf\SIMPATIK\node_modules\better-sqlite3\lib\methods\wrappers.js:5:21)
    at listPegawai (webpack-internal:///(rsc)/./src/lib/queries.ts:887:28)
    at PegawaiBelumLaporPage (webpack-internal:///(rsc)/./src/app/(dashboard)/pegawai-belum-lapor/page.tsx:54:77)
    at process.processTicksAndRejections (node:internal/process/task_queues:105:5)
[   89143ms] Error: incomplete input
    at Database.prepare (C:\Users\luthf\SIMPATIK\node_modules\better-sqlite3\lib\methods\wrappers.js:5:21)
    at listPegawai (webpack-internal:///(rsc)/./src/lib/queries.ts:887:28)
    at PegawaiBelumLaporPage (webpack-internal:///(rsc)/./src/app/(dashboard)/pegawai-belum-lapor/page.tsx:54:77)
    at process.processTicksAndRejections (node:internal/process/task_queues:105:5)
[   89145ms] Error: incomplete input
    at Database.prepare (C:\Users\luthf\SIMPATIK\node_modules\better-sqlite3\lib\methods\wrappers.js:5:21)
    at listPegawai (webpack-internal:///(rsc)/./src/lib/queries.ts:887:28)
    at PegawaiBelumLaporPage (webpack-internal:///(rsc)/./src/app/(dashboard)/pegawai-belum-lapor/page.tsx:54:77)
    at process.processTicksAndRejections (node:internal/process/task_queues:105:5)
[   89147ms] [ERROR] The above error occurred in the <NotFoundErrorBoundary> component:

    at InnerLayoutRouter (webpack-internal:///(app-pages-browser)/./node_modules/next/dist/client/components/layout-router.js:243:11)
    at RedirectErrorBoundary (webpack-internal:///(app-pages-browser)/./node_modules/next/dist/client/components/redirect-boundary.js:74:9)
    at RedirectBoundary (webpack-internal:///(app-pages-browser)/./node_modules/next/dist/client/components/redirect-boundary.js:82:11)
    at NotFoundBoundary (webpack-internal:///(app-pages-browser)/./node_modules/next/dist/client/components/not-found-boundary.js:84:11)
    at LoadingBoundary (webpack-internal:///(app-pages-browser)/./node_modules/next/dist/client/components/layout-router.js:349:11)
    at ErrorBoundary (webpack-internal:///(app-pages-browser)/./node_modules/next/dist/client/components/error-boundary.js:160:11)
    at InnerScrollAndFocusHandler (webpack-internal:///(app-pages-browser)/./node_modules/next/dist/client/components/layout-router.js:153:9)
    at ScrollAndFocusHandler (webpack-internal:///(app-pages-browser)/./node_modules/next/dist/client/components/layout-router.js:228:11)
    at RenderFromTemplateContext (webpack-internal:///(app-pages-browser)/./node_modules/next/dist/client/components/render-from-template-context.js:16:44)
    at OuterLayoutRouter (webpack-internal:///(app-pages-browser)/./node_modules/next/dist/client/components/layout-router.js:370:11)
    at InnerLayoutRouter (webpack-internal:///(app-pages-browser)/./node_modules/next/dist/client/components/layout-router.js:243:11)
    at RedirectErrorBoundary (webpack-internal:///(app-pages-browser)/./node_modules/next/dist/client/components/redirect-boundary.js:74:9)
    at RedirectBoundary (webpack-internal:///(app-pages-browser)/./node_modules/next/dist/client/components/redirect-boundary.js:82:11)
    at NotFoundErrorBoundary (webpack-internal:///(app-pages-browser)/./node_modules/next/dist/client/components/not-found-boundary.js:76:9)
    at NotFoundBoundary (webpack-internal:///(app-pages-browser)/./node_modules/next/dist/client/components/not-found-boundary.js:84:11)
    at Suspense
    at LoadingBoundary (webpack-internal:///(app-pages-browser)/./node_modules/next/dist/client/components/layout-router.js:349:11)
    at ErrorBoundaryHandler (webpack-internal:///(app-pages-browser)/./node_modules/next/dist/client/components/error-boundary.js:113:9)
    at ErrorBoundary (webpack-internal:///(app-pages-browser)/./node_modules/next/dist/client/components/error-boundary.js:160:11)
    at InnerScrollAndFocusHandler (webpack-internal:///(app-pages-browser)/./node_modules/next/dist/client/components/layout-router.js:153:9)
    at ScrollAndFocusHandler (webpack-internal:///(app-pages-browser)/./node_modules/next/dist/client/components/layout-router.js:228:11)
    at RenderFromTemplateContext (webpack-internal:///(app-pages-browser)/./node_modules/next/dist/client/components/render-from-template-context.js:16:44)
    at OuterLayoutRouter (webpack-internal:///(app-pages-browser)/./node_modules/next/dist/client/components/layout-router.js:370:11)
    at main
    at div
    at Shell (webpack-internal:///(app-pages-browser)/./src/components/layout/Shell.tsx:198:11)
    at DashboardLayout (Server)
    at InnerLayoutRouter (webpack-internal:///(app-pages-browser)/./node_modules/next/dist/client/components/layout-router.js:243:11)
    at RedirectErrorBoundary (webpack-internal:///(app-pages-browser)/./node_modules/next/dist/client/components/redirect-boundary.js:74:9)
    at RedirectBoundary (webpack-internal:///(app-pages-browser)/./node_modules/next/dist/client/components/redirect-boundary.js:82:11)
    at NotFoundErrorBoundary (webpack-internal:///(app-pages-browser)/./node_modules/next/dist/client/components/not-found-boundary.js:76:9)
    at NotFoundBoundary (webpack-internal:///(app-pages-browser)/./node_modules/next/dist/client/components/not-found-boundary.js:84:11)
    at LoadingBoundary (webpack-internal:///(app-pages-browser)/./node_modules/next/dist/client/components/layout-router.js:349:11)
    at ErrorBoundary (webpack-internal:///(app-pages-browser)/./node_modules/next/dist/client/components/error-boundary.js:160:11)
    at InnerScrollAndFocusHandler (webpack-internal:///(app-pages-browser)/./node_modules/next/dist/client/components/layout-router.js:153:9)
    at ScrollAndFocusHandler (webpack-internal:///(app-pages-browser)/./node_modules/next/dist/client/components/layout-router.js:228:11)
    at RenderFromTemplateContext (webpack-internal:///(app-pages-browser)/./node_modules/next/dist/client/components/render-from-template-context.js:16:44)
    at OuterLayoutRouter (webpack-internal:///(app-pages-browser)/./node_modules/next/dist/client/components/layout-router.js:370:11)
    at body
    at html
    at RootLayout (Server)
    at RedirectErrorBoundary (webpack-internal:///(app-pages-browser)/./node_modules/next/dist/client/components/redirect-boundary.js:74:9)
    at RedirectBoundary (webpack-internal:///(app-pages-browser)/./node_modules/next/dist/client/components/redirect-boundary.js:82:11)
    at NotFoundErrorBoundary (webpack-internal:///(app-pages-browser)/./node_modules/next/dist/client/components/not-found-boundary.js:76:9)
    at NotFoundBoundary (webpack-internal:///(app-pages-browser)/./node_modules/next/dist/client/components/not-found-boundary.js:84:11)
    at DevRootNotFoundBoundary (webpack-internal:///(app-pages-browser)/./node_modules/next/dist/client/components/dev-root-not-found-boundary.js:33:11)
    at ReactDevOverlay (webpack-internal:///(app-pages-browser)/./node_modules/next/dist/client/components/react-dev-overlay/app/ReactDevOverlay.js:87:9)
    at HotReload (webpack-internal:///(app-pages-browser)/./node_modules/next/dist/client/components/react-dev-overlay/app/hot-reloader-client.js:321:11)
    at Router (webpack-internal:///(app-pages-browser)/./node_modules/next/dist/client/components/app-router.js:207:11)
    at ErrorBoundaryHandler (webpack-internal:///(app-pages-browser)/./node_modules/next/dist/client/components/error-boundary.js:113:9)
    at ErrorBoundary (webpack-internal:///(app-pages-browser)/./node_modules/next/dist/client/components/error-boundary.js:160:11)
    at AppRouter (webpack-internal:///(app-pages-browser)/./node_modules/next/dist/client/components/app-router.js:585:13)
    at ServerRoot (webpack-internal:///(app-pages-browser)/./node_modules/next/dist/client/app-index.js:112:27)
    at Root (webpack-internal:///(app-pages-browser)/./node_modules/next/dist/client/app-index.js:117:11)

React will try to recreate this component tree from scratch using the error boundary you provided, ErrorBoundaryHandler. @ webpack-internal:///(app-pages-browser)/./node_modules/next/dist/client/app-index.js:32
[   89154ms] [ERROR] Failed to load resource: the server responded with a status of 400 (Bad Request) @ http://localhost:3000/__nextjs_original-stack-frame?isServer=false&isEdgeServer=false&isAppDirectory=true&errorMessage=Error%3A+incomplete+input&file=C%3A%5CUsers%5Cluthf%5CSIMPATIK%5Cnode_modules%5Cbetter-sqlite3%5Clib%5Cmethods%5Cwrappers.js&methodName=Database.prepare&arguments=&lineNumber=5&column=21:0
[   89162ms] [ERROR] Failed to load resource: the server responded with a status of 400 (Bad Request) @ http://localhost:3000/__nextjs_original-stack-frame?isServer=false&isEdgeServer=false&isAppDirectory=true&errorMessage=Error%3A+incomplete+input&file=C%3A%5CUsers%5Cluthf%5CSIMPATIK%5Cnode_modules%5Cbetter-sqlite3%5Clib%5Cmethods%5Cwrappers.js&methodName=Database.prepare&arguments=&lineNumber=5&column=21:0
